<?xml version="1.0" encoding="UTF-8"?>
<testng-results skipped="0" failed="0" total="2" passed="2">
  <reporter-output>
  </reporter-output>
  <suite name="Default suite" duration-ms="71728" started-at="2019-10-02T06:32:46Z" finished-at="2019-10-02T06:33:58Z">
    <groups>
    </groups>
    <test name="Default test" duration-ms="71728" started-at="2019-10-02T06:32:46Z" finished-at="2019-10-02T06:33:58Z">
      <class name="TestNG.Dataproviderconcept">
        <test-method status="PASS" signature="beforeMethod()[pri:0, instance:TestNG.Dataproviderconcept@53fd30]" name="beforeMethod" is-config="true" duration-ms="16915" started-at="2019-10-02T12:02:46Z" finished-at="2019-10-02T12:03:03Z">
          <reporter-output>
          </reporter-output>
        </test-method> <!-- beforeMethod -->
        <test-method status="PASS" signature="f(java.lang.String, java.lang.String)[pri:0, instance:TestNG.Dataproviderconcept@53fd30]" name="f" duration-ms="16368" started-at="2019-10-02T12:03:03Z" data-provider="Testdata1" finished-at="2019-10-02T12:03:20Z">
          <params>
            <param index="0">
              <value>
                <![CDATA[Saikrishna]]>
              </value>
            </param>
            <param index="1">
              <value>
                <![CDATA[Sai]]>
              </value>
            </param>
          </params>
          <reporter-output>
          </reporter-output>
        </test-method> <!-- f -->
        <test-method status="PASS" signature="afterMethod()[pri:0, instance:TestNG.Dataproviderconcept@53fd30]" name="afterMethod" is-config="true" duration-ms="184" started-at="2019-10-02T12:03:20Z" finished-at="2019-10-02T12:03:20Z">
          <reporter-output>
          </reporter-output>
        </test-method> <!-- afterMethod -->
        <test-method status="PASS" signature="beforeMethod()[pri:0, instance:TestNG.Dataproviderconcept@53fd30]" name="beforeMethod" is-config="true" duration-ms="12775" started-at="2019-10-02T12:03:20Z" finished-at="2019-10-02T12:03:32Z">
          <reporter-output>
          </reporter-output>
        </test-method> <!-- beforeMethod -->
        <test-method status="PASS" signature="f(java.lang.String, java.lang.String)[pri:0, instance:TestNG.Dataproviderconcept@53fd30]" name="f" duration-ms="25209" started-at="2019-10-02T12:03:32Z" data-provider="Testdata1" finished-at="2019-10-02T12:03:58Z">
          <params>
            <param index="0">
              <value>
                <![CDATA[Krishna]]>
              </value>
            </param>
            <param index="1">
              <value>
                <![CDATA[Ravikanti]]>
              </value>
            </param>
          </params>
          <reporter-output>
          </reporter-output>
        </test-method> <!-- f -->
        <test-method status="PASS" signature="afterMethod()[pri:0, instance:TestNG.Dataproviderconcept@53fd30]" name="afterMethod" is-config="true" duration-ms="181" started-at="2019-10-02T12:03:58Z" finished-at="2019-10-02T12:03:58Z">
          <reporter-output>
          </reporter-output>
        </test-method> <!-- afterMethod -->
      </class> <!-- TestNG.Dataproviderconcept -->
    </test> <!-- Default test -->
  </suite> <!-- Default suite -->
</testng-results>
